2024-04-12 16:59:04.145 [info] 記錄層級: Info
2024-04-12 16:59:04.145 [info] 正在驗證在下列位置找到的 Git: "git"
2024-04-12 16:59:04.145 [info] 正在使用來自 "2.39.2" 的 Git "git"
2024-04-12 16:59:04.145 [info] > git rev-parse --show-toplevel [3ms]
2024-04-12 16:59:04.145 [info] > git rev-parse --git-dir --git-common-dir [5ms]
2024-04-12 16:59:04.145 [info] Open repository: /workspace/app
2024-04-12 16:59:04.145 [info] > git rev-parse --show-toplevel [7ms]
2024-04-12 16:59:04.145 [info] > git config --get commit.template [12ms]
2024-04-12 16:59:04.159 [info] > git rev-parse --show-toplevel [8ms]
2024-04-12 16:59:04.160 [info] > git for-each-ref --format=%(refname)%00%(upstream:short)%00%(objectname)%00%(upstream:track)%00%(upstream:remotename)%00%(upstream:remoteref) refs/heads/develop refs/remotes/develop [4ms]
2024-04-12 16:59:04.169 [warning] ENOENT: no such file or directory, open '/workspace/app/.git/refs/remotes/origin/develop'
2024-04-12 16:59:04.173 [info] > git rev-parse refs/remotes/origin/develop [4ms]
2024-04-12 16:59:04.180 [info] > git rev-parse --show-toplevel [16ms]
2024-04-12 16:59:04.186 [info] > git rev-parse --show-toplevel [1ms]
2024-04-12 16:59:04.193 [info] > git rev-parse --show-toplevel [1ms]
2024-04-12 16:59:04.198 [info] > git rev-parse --show-toplevel [2ms]
2024-04-12 16:59:04.208 [info] > git rev-parse --show-toplevel [6ms]
2024-04-12 16:59:04.214 [info] > git rev-parse --show-toplevel [2ms]
2024-04-12 16:59:04.219 [info] > git rev-parse --show-toplevel [1ms]
2024-04-12 16:59:04.225 [info] > git rev-parse --show-toplevel [2ms]
2024-04-12 16:59:04.653 [info] > git check-ignore -v -z --stdin [5ms]
2024-04-12 16:59:04.858 [info] > git status -z -uall [677ms]
2024-04-12 16:59:04.898 [info] > git merge-base refs/heads/develop refs/remotes/origin/develop [25ms]
2024-04-12 16:59:04.909 [info] > git config --get commit.template [12ms]
2024-04-12 16:59:04.910 [info] > git fetch [786ms]
2024-04-12 16:59:04.919 [info] > git rev-list --count --left-right refs/heads/develop...refs/remotes/origin/develop [11ms]
2024-04-12 16:59:04.936 [info] > git config --get commit.template [18ms]
2024-04-12 16:59:04.938 [info] > git for-each-ref --format=%(refname)%00%(upstream:short)%00%(objectname)%00%(upstream:track)%00%(upstream:remotename)%00%(upstream:remoteref) refs/heads/develop refs/remotes/develop [4ms]
2024-04-12 16:59:04.939 [info] > git diff --name-status -z --diff-filter=ADMR 5f7a298778d0d2400ce7a0c6573eeceb4cfa84bd...refs/remotes/origin/develop [11ms]
2024-04-12 16:59:04.952 [warning] ENOENT: no such file or directory, open '/workspace/app/.git/refs/remotes/origin/develop'
2024-04-12 16:59:04.954 [info] > git for-each-ref --format=%(refname)%00%(upstream:short)%00%(objectname)%00%(upstream:track)%00%(upstream:remotename)%00%(upstream:remoteref) refs/heads/develop refs/remotes/develop [8ms]
2024-04-12 16:59:04.960 [warning] ENOENT: no such file or directory, open '/workspace/app/.git/refs/remotes/origin/develop'
2024-04-12 16:59:04.960 [info] > git rev-parse refs/remotes/origin/develop [8ms]
2024-04-12 16:59:04.965 [info] > git rev-parse refs/remotes/origin/develop [5ms]
2024-04-12 16:59:05.652 [info] > git status -z -uall [682ms]
