2024-04-12 17:28:20.175 [info] Extension host with pid 115 started
2024-04-12 17:28:20.175 [error] Error: EEXIST: file already exists, open '/home/ccbruce/.vscode-server/data/User/workspaceStorage/6630fcde9b4868c09144bfe0bf8985ff/vscode.lock'
2024-04-12 17:28:20.179 [info] Lock '/home/ccbruce/.vscode-server/data/User/workspaceStorage/6630fcde9b4868c09144bfe0bf8985ff/vscode.lock': Could not acquire lock, checking if the file is stale.
2024-04-12 17:28:20.190 [info] Lock '/home/ccbruce/.vscode-server/data/User/workspaceStorage/6630fcde9b4868c09144bfe0bf8985ff/vscode.lock': The pid 5568 appears to be gone.
2024-04-12 17:28:20.190 [info] Lock '/home/ccbruce/.vscode-server/data/User/workspaceStorage/6630fcde9b4868c09144bfe0bf8985ff/vscode.lock': Deleting a stale lock.
2024-04-12 17:28:20.200 [info] Lock '/home/ccbruce/.vscode-server/data/User/workspaceStorage/6630fcde9b4868c09144bfe0bf8985ff/vscode.lock': Lock acquired.
2024-04-12 17:28:20.574 [info] ExtensionService#_doActivateExtension vscode.git-base, startup: true, activationEvent: '*', root cause: vscode.git
2024-04-12 17:28:20.580 [info] ExtensionService#_doActivateExtension vscode.npm, startup: true, activationEvent: 'workspaceContains:package.json'
2024-04-12 17:28:21.100 [info] ExtensionService#_doActivateExtension vscode.git, startup: true, activationEvent: '*'
2024-04-12 17:28:21.100 [info] ExtensionService#_doActivateExtension vscode.github, startup: true, activationEvent: '*'
2024-04-12 17:28:21.683 [info] Eager extensions activated
2024-04-12 17:28:21.683 [info] ExtensionService#_doActivateExtension vscode.debug-auto-launch, startup: false, activationEvent: 'onStartupFinished'
2024-04-12 17:28:21.684 [info] ExtensionService#_doActivateExtension vscode.merge-conflict, startup: false, activationEvent: 'onStartupFinished'
2024-04-12 17:28:26.290 [warning] [Decorations] CAPPING events from decorations provider vscode.git 10000
2024-04-12 17:28:58.105 [info] ExtensionService#_doActivateExtension vscode.emmet, startup: false, activationEvent: 'onLanguage'
2024-04-12 17:31:24.670 [warning] [Decorations] CAPPING events from decorations provider vscode.git 10000
2024-04-12 17:34:26.805 [warning] [Decorations] CAPPING events from decorations provider vscode.git 10000
2024-04-12 17:37:28.933 [warning] [Decorations] CAPPING events from decorations provider vscode.git 10000
2024-04-12 17:40:31.319 [warning] [Decorations] CAPPING events from decorations provider vscode.git 10000
2024-04-12 17:43:33.790 [warning] [Decorations] CAPPING events from decorations provider vscode.git 10000
2024-04-12 17:49:52.850 [warning] [Decorations] CAPPING events from decorations provider vscode.git 10000
2024-04-12 17:51:32.477 [info] ExtensionService#_doActivateExtension vscode.tunnel-forwarding, startup: false, activationEvent: 'onTunnel'
2024-04-12 17:56:19.786 [warning] [Decorations] CAPPING events from decorations provider vscode.git 10000
2024-04-12 17:59:21.846 [warning] [Decorations] CAPPING events from decorations provider vscode.git 10000
